TN:
SF:src/components/List.tsx
FN:7,List
FN:11,addToList
FN:17,removeFromList
FN:25,onChange
FN:31,onClick
FNF:5
FNH:5
FNDA:15,List
FNDA:1,addToList
FNDA:1,removeFromList
FNDA:10,onChange
FNDA:1,onClick
DA:1,1
DA:2,1
DA:3,1
DA:4,1
DA:5,1
DA:6,1
DA:7,15
DA:8,15
DA:9,15
DA:10,15
DA:11,15
DA:12,1
DA:13,1
DA:14,1
DA:15,1
DA:16,15
DA:17,15
DA:18,1
DA:19,1
DA:20,1
DA:21,1
DA:22,15
DA:23,15
DA:24,15
DA:25,15
DA:26,15
DA:27,15
DA:28,15
DA:29,5
DA:30,15
DA:31,15
DA:32,15
DA:33,15
DA:34,15
DA:35,15
DA:36,15
DA:37,15
DA:38,1
DA:39,1
LF:39
LH:39
BRDA:7,0,0,15
BRDA:11,1,0,1
BRDA:12,2,0,1
BRDA:13,3,0,1
BRDA:17,4,0,1
BRDA:18,5,0,1
BRDA:19,6,0,1
BRDA:19,7,0,1
BRDA:25,8,0,10
BRDA:28,9,0,5
BRDA:31,10,0,1
BRF:11
BRH:11
end_of_record
